2017-01-11 05:50:14 : START : starting service : Starting services
2017-01-11 05:51:39 : START : starting service : Starting services
2017-01-11 05:52:48 : START : starting service : Starting services
2017-01-11 05:55:07 : START : starting service : Starting services
2017-01-11 05:55:07 : WRITE : read and write data : Ini config = D:\Works\2017\WindFarmOPC\OPCService\bin\Debug\OPCService.exe.config
2017-01-11 05:55:07 : WRITE : read and write data : Ini config = D:\Works\2017\WindFarmOPC\OPCService\bin\Debug\OPCService.exe.config
2017-01-11 05:55:07 : WRITE : read and write data : Ini config = D:\Works\2017\WindFarmOPC\OPCService\bin\Debug\OPCService.exe.config
2017-01-11 05:56:43 : START : starting service : Starting services
2017-01-11 06:00:30 : START : starting service : Starting services
2017-01-11 06:00:30 : WRITE : read and write data : Matrikon.OPC.Simulation.1:Localhost
2017-01-11 06:02:50 : STOP : stoping service : Stopping services
2017-01-11 06:23:29 : START : starting service : Starting services
2017-01-11 06:23:29 : WRITE : read and write data : Matrikon.OPC.Simulation.1:Localhost
2017-01-11 06:23:47 : STOP : stoping service : Stopping services
2017-01-11 06:58:36 : START : starting service : Starting services
2017-01-11 06:58:36 : WRITE : read and write data : Matrikon.OPC.Simulation.1:Localhost
2017-01-11 06:58:36 : SUBSCRIBE : subscribe  : Subscribe for Random
2017-01-11 07:01:50 : STOP : stoping service : Stopping services
2017-01-11 07:13:22 : START : starting service : Starting services
2017-01-11 07:13:22 : WRITE : read and write data : Matrikon.OPC.Simulation.1:Localhost
2017-01-11 07:13:22 : SUBSCRIBE : subscribe  : Subscribe for Random
2017-01-11 07:13:58 : STOP : stoping service : Stopping services
2017-01-11 07:41:17 : START : starting service : Starting services
2017-01-11 07:41:17 : WRITE : read and write data : Matrikon.OPC.Simulation.1:Localhost
2017-01-11 07:41:17 : SUBSCRIBE : subscribe  : Subscribe for Random
2017-01-11 07:53:58 : STOP : stoping service : Stopping services
2017-01-11 07:54:30 : START : starting service : Starting services
2017-01-11 07:54:30 : WRITE : read and write data : Matrikon.OPC.Simulation.1:Localhost
2017-01-11 07:54:30 : SUBSCRIBE : subscribe  : Subscribe for Random
2017-01-11 08:05:43 : STOP : stoping service : Stopping services
2017-01-11 08:07:18 : START : starting service : Starting services
2017-01-11 08:07:18 : WRITE : read and write data : Matrikon.OPC.Simulation.1:Localhost
2017-01-11 08:07:18 : SUBSCRIBE : subscribe  : Subscribe for Random
2017-01-11 08:13:42 : STOP : stoping service : Stopping services
2017-01-11 09:20:05 : START : starting service : Starting services
2017-01-11 09:20:05 : WRITE : read and write data : Matrikon.OPC.Simulation.1:Localhost
2017-01-11 09:20:05 : SUBSCRIBE : subscribe  : Subscribe for Random
2017-01-11 09:20:05 : WRITE : read and write data : Getting value for Random.ActivePower_kW at 1/11/2017 4:12:56 PM +07:00
2017-01-11 09:20:08 : WRITE : read and write data : Getting value for Random.ActivePower_kW at 1/11/2017 4:12:59 PM +07:00
2017-01-11 09:20:11 : WRITE : read and write data : Getting value for Random.ActivePower_kW at 1/11/2017 4:13:02 PM +07:00
2017-01-11 09:20:14 : WRITE : read and write data : Getting value for Random.ActivePower_kW at 1/11/2017 4:13:05 PM +07:00
2017-01-11 09:20:17 : WRITE : read and write data : Getting value for Random.ActivePower_kW at 1/11/2017 4:13:08 PM +07:00
2017-01-11 09:20:21 : WRITE : read and write data : Getting value for Random.ActivePower_kW at 1/11/2017 4:13:11 PM +07:00
2017-01-11 09:20:24 : WRITE : read and write data : Getting value for Random.ActivePower_kW at 1/11/2017 4:13:14 PM +07:00
2017-01-11 09:20:27 : WRITE : read and write data : Getting value for Random.ActivePower_kW at 1/11/2017 4:13:17 PM +07:00
2017-01-11 09:20:30 : WRITE : read and write data : Getting value for Random.ActivePower_kW at 1/11/2017 4:13:20 PM +07:00
2017-01-11 09:20:33 : WRITE : read and write data : Getting value for Random.ActivePower_kW at 1/11/2017 4:13:23 PM +07:00
2017-01-11 09:20:36 : WRITE : read and write data : Getting value for Random.ActivePower_kW at 1/11/2017 4:13:26 PM +07:00
2017-01-11 09:20:39 : WRITE : read and write data : Getting value for Random.ActivePower_kW at 1/11/2017 4:13:29 PM +07:00
2017-01-11 09:20:42 : WRITE : read and write data : Getting value for Random.ActivePower_kW at 1/11/2017 4:13:32 PM +07:00
2017-01-11 09:20:45 : WRITE : read and write data : Getting value for Random.ActivePower_kW at 1/11/2017 4:13:35 PM +07:00
2017-01-11 09:20:48 : WRITE : read and write data : Getting value for Random.ActivePower_kW at 1/11/2017 4:13:38 PM +07:00
2017-01-11 09:20:51 : WRITE : read and write data : Getting value for Random.ActivePower_kW at 1/11/2017 4:20:51 PM +07:00
2017-01-11 09:20:54 : WRITE : read and write data : Getting value for Random.ActivePower_kW at 1/11/2017 4:20:54 PM +07:00
2017-01-11 09:20:57 : WRITE : read and write data : Getting value for Random.ActivePower_kW at 1/11/2017 4:20:57 PM +07:00
2017-01-11 09:21:00 : WRITE : read and write data : Getting value for Random.ActivePower_kW at 1/11/2017 4:21:00 PM +07:00
2017-01-11 09:21:03 : WRITE : read and write data : Getting value for Random.ActivePower_kW at 1/11/2017 4:21:03 PM +07:00
2017-01-11 09:21:06 : WRITE : read and write data : Getting value for Random.ActivePower_kW at 1/11/2017 4:21:06 PM +07:00
2017-01-11 09:21:09 : WRITE : read and write data : Getting value for Random.ActivePower_kW at 1/11/2017 4:21:09 PM +07:00
2017-01-11 09:21:12 : WRITE : read and write data : Getting value for Random.ActivePower_kW at 1/11/2017 4:21:12 PM +07:00
2017-01-11 09:21:15 : WRITE : read and write data : Getting value for Random.ActivePower_kW at 1/11/2017 4:21:15 PM +07:00
2017-01-11 09:21:18 : WRITE : read and write data : Getting value for Random.ActivePower_kW at 1/11/2017 4:21:18 PM +07:00
2017-01-11 09:21:21 : WRITE : read and write data : Getting value for Random.ActivePower_kW at 1/11/2017 4:21:21 PM +07:00
2017-01-11 09:21:24 : WRITE : read and write data : Getting value for Random.ActivePower_kW at 1/11/2017 4:21:23 PM +07:00
2017-01-11 09:21:27 : WRITE : read and write data : Getting value for Random.ActivePower_kW at 1/11/2017 4:21:26 PM +07:00
2017-01-11 09:21:30 : WRITE : read and write data : Getting value for Random.ActivePower_kW at 1/11/2017 4:21:29 PM +07:00
2017-01-11 09:21:33 : WRITE : read and write data : Getting value for Random.ActivePower_kW at 1/11/2017 4:21:32 PM +07:00
2017-01-11 09:21:36 : WRITE : read and write data : Getting value for Random.ActivePower_kW at 1/11/2017 4:21:35 PM +07:00
2017-01-11 09:21:39 : WRITE : read and write data : Getting value for Random.ActivePower_kW at 1/11/2017 4:21:38 PM +07:00
2017-01-11 09:21:42 : WRITE : read and write data : Getting value for Random.ActivePower_kW at 1/11/2017 4:21:42 PM +07:00
2017-01-11 09:21:45 : WRITE : read and write data : Getting value for Random.ActivePower_kW at 1/11/2017 4:21:45 PM +07:00
2017-01-11 09:21:49 : WRITE : read and write data : Getting value for Random.ActivePower_kW at 1/11/2017 4:21:48 PM +07:00
2017-01-11 09:21:52 : WRITE : read and write data : Getting value for Random.ActivePower_kW at 1/11/2017 4:21:51 PM +07:00
2017-01-11 09:21:55 : WRITE : read and write data : Getting value for Random.ActivePower_kW at 1/11/2017 4:21:54 PM +07:00
2017-01-11 09:21:58 : WRITE : read and write data : Getting value for Random.ActivePower_kW at 1/11/2017 4:21:57 PM +07:00
2017-01-11 09:22:01 : WRITE : read and write data : Getting value for Random.ActivePower_kW at 1/11/2017 4:22:00 PM +07:00
2017-01-11 09:22:04 : WRITE : read and write data : Getting value for Random.ActivePower_kW at 1/11/2017 4:22:03 PM +07:00
2017-01-11 09:22:07 : WRITE : read and write data : Getting value for Random.ActivePower_kW at 1/11/2017 4:22:06 PM +07:00
2017-01-11 09:22:10 : WRITE : read and write data : Getting value for Random.ActivePower_kW at 1/11/2017 4:22:09 PM +07:00
2017-01-11 09:22:13 : WRITE : read and write data : Getting value for Random.ActivePower_kW at 1/11/2017 4:22:12 PM +07:00
2017-01-11 09:22:16 : WRITE : read and write data : Getting value for Random.ActivePower_kW at 1/11/2017 4:22:15 PM +07:00
2017-01-11 09:22:19 : WRITE : read and write data : Getting value for Random.ActivePower_kW at 1/11/2017 4:22:18 PM +07:00
2017-01-11 09:22:22 : WRITE : read and write data : Getting value for Random.ActivePower_kW at 1/11/2017 4:22:21 PM +07:00
2017-01-11 09:22:25 : WRITE : read and write data : Getting value for Random.ActivePower_kW at 1/11/2017 4:22:24 PM +07:00
2017-01-11 09:22:28 : WRITE : read and write data : Getting value for Random.ActivePower_kW at 1/11/2017 4:22:27 PM +07:00
2017-01-11 09:22:31 : WRITE : read and write data : Getting value for Random.ActivePower_kW at 1/11/2017 4:22:30 PM +07:00
2017-01-11 09:22:34 : WRITE : read and write data : Getting value for Random.ActivePower_kW at 1/11/2017 4:22:33 PM +07:00
2017-01-11 09:22:37 : WRITE : read and write data : Getting value for Random.ActivePower_kW at 1/11/2017 4:22:36 PM +07:00
2017-01-11 09:22:40 : WRITE : read and write data : Getting value for Random.ActivePower_kW at 1/11/2017 4:22:39 PM +07:00
2017-01-11 09:22:43 : WRITE : read and write data : Getting value for Random.ActivePower_kW at 1/11/2017 4:22:42 PM +07:00
2017-01-11 09:22:46 : WRITE : read and write data : Getting value for Random.ActivePower_kW at 1/11/2017 4:22:46 PM +07:00
2017-01-11 09:22:49 : WRITE : read and write data : Getting value for Random.ActivePower_kW at 1/11/2017 4:22:49 PM +07:00
2017-01-11 09:22:52 : WRITE : read and write data : Getting value for Random.ActivePower_kW at 1/11/2017 4:22:52 PM +07:00
2017-01-11 09:22:55 : WRITE : read and write data : Getting value for Random.ActivePower_kW at 1/11/2017 4:22:55 PM +07:00
2017-01-11 09:22:58 : WRITE : read and write data : Getting value for Random.ActivePower_kW at 1/11/2017 4:22:58 PM +07:00
2017-01-11 09:23:01 : WRITE : read and write data : Getting value for Random.ActivePower_kW at 1/11/2017 4:23:01 PM +07:00
2017-01-11 09:23:04 : WRITE : read and write data : Getting value for Random.ActivePower_kW at 1/11/2017 4:23:04 PM +07:00
2017-01-11 09:23:07 : WRITE : read and write data : Getting value for Random.ActivePower_kW at 1/11/2017 4:23:07 PM +07:00
2017-01-11 09:23:11 : WRITE : read and write data : Getting value for Random.ActivePower_kW at 1/11/2017 4:23:10 PM +07:00
2017-01-11 09:23:14 : WRITE : read and write data : Getting value for Random.ActivePower_kW at 1/11/2017 4:23:13 PM +07:00
2017-01-11 09:23:17 : WRITE : read and write data : Getting value for Random.ActivePower_kW at 1/11/2017 4:23:16 PM +07:00
2017-01-11 09:23:20 : WRITE : read and write data : Getting value for Random.ActivePower_kW at 1/11/2017 4:23:19 PM +07:00
2017-01-11 09:23:23 : WRITE : read and write data : Getting value for Random.ActivePower_kW at 1/11/2017 4:23:22 PM +07:00
2017-01-11 09:23:26 : WRITE : read and write data : Getting value for Random.ActivePower_kW at 1/11/2017 4:23:25 PM +07:00
2017-01-11 09:23:29 : WRITE : read and write data : Getting value for Random.ActivePower_kW at 1/11/2017 4:23:28 PM +07:00
2017-01-11 09:23:32 : WRITE : read and write data : Getting value for Random.ActivePower_kW at 1/11/2017 4:23:31 PM +07:00
2017-01-11 09:23:35 : WRITE : read and write data : Getting value for Random.ActivePower_kW at 1/11/2017 4:23:34 PM +07:00
2017-01-11 09:23:38 : WRITE : read and write data : Getting value for Random.ActivePower_kW at 1/11/2017 4:23:37 PM +07:00
2017-01-11 09:23:41 : WRITE : read and write data : Getting value for Random.ActivePower_kW at 1/11/2017 4:23:40 PM +07:00
2017-01-11 09:23:44 : WRITE : read and write data : Getting value for Random.ActivePower_kW at 1/11/2017 4:23:43 PM +07:00
2017-01-11 09:23:47 : WRITE : read and write data : Getting value for Random.ActivePower_kW at 1/11/2017 4:23:46 PM +07:00
2017-01-11 09:23:50 : WRITE : read and write data : Getting value for Random.ActivePower_kW at 1/11/2017 4:23:50 PM +07:00
2017-01-11 09:23:53 : WRITE : read and write data : Getting value for Random.ActivePower_kW at 1/11/2017 4:23:53 PM +07:00
2017-01-11 09:23:56 : WRITE : read and write data : Getting value for Random.ActivePower_kW at 1/11/2017 4:23:56 PM +07:00
2017-01-11 09:23:59 : WRITE : read and write data : Getting value for Random.ActivePower_kW at 1/11/2017 4:23:59 PM +07:00
2017-01-11 09:24:02 : WRITE : read and write data : Getting value for Random.ActivePower_kW at 1/11/2017 4:24:02 PM +07:00
2017-01-11 09:24:05 : WRITE : read and write data : Getting value for Random.ActivePower_kW at 1/11/2017 4:24:05 PM +07:00
2017-01-11 09:24:08 : WRITE : read and write data : Getting value for Random.ActivePower_kW at 1/11/2017 4:24:08 PM +07:00
2017-01-11 09:24:11 : WRITE : read and write data : Getting value for Random.ActivePower_kW at 1/11/2017 4:24:11 PM +07:00
2017-01-11 09:24:14 : WRITE : read and write data : Getting value for Random.ActivePower_kW at 1/11/2017 4:24:14 PM +07:00
2017-01-11 09:24:17 : WRITE : read and write data : Getting value for Random.ActivePower_kW at 1/11/2017 4:24:17 PM +07:00
2017-01-11 09:24:20 : WRITE : read and write data : Getting value for Random.ActivePower_kW at 1/11/2017 4:24:20 PM +07:00
2017-01-11 09:24:24 : WRITE : read and write data : Getting value for Random.ActivePower_kW at 1/11/2017 4:24:23 PM +07:00
2017-01-11 09:24:27 : WRITE : read and write data : Getting value for Random.ActivePower_kW at 1/11/2017 4:17:17 PM +07:00
2017-01-11 09:24:30 : WRITE : read and write data : Getting value for Random.ActivePower_kW at 1/11/2017 4:17:20 PM +07:00
2017-01-11 09:24:33 : WRITE : read and write data : Getting value for Random.ActivePower_kW at 1/11/2017 4:17:23 PM +07:00
2017-01-11 09:24:36 : WRITE : read and write data : Getting value for Random.ActivePower_kW at 1/11/2017 4:17:26 PM +07:00
2017-01-11 09:24:39 : WRITE : read and write data : Getting value for Random.ActivePower_kW at 1/11/2017 4:17:29 PM +07:00
2017-01-11 09:24:42 : WRITE : read and write data : Getting value for Random.ActivePower_kW at 1/11/2017 4:17:32 PM +07:00
2017-01-11 09:24:45 : WRITE : read and write data : Getting value for Random.ActivePower_kW at 1/11/2017 4:17:35 PM +07:00
2017-01-11 09:24:48 : WRITE : read and write data : Getting value for Random.ActivePower_kW at 1/11/2017 4:17:38 PM +07:00
2017-01-11 09:24:51 : WRITE : read and write data : Getting value for Random.ActivePower_kW at 1/11/2017 4:17:41 PM +07:00
2017-01-11 09:24:54 : WRITE : read and write data : Getting value for Random.ActivePower_kW at 1/11/2017 4:17:44 PM +07:00
2017-01-11 09:24:57 : WRITE : read and write data : Getting value for Random.ActivePower_kW at 1/11/2017 4:17:47 PM +07:00
2017-01-11 09:25:00 : WRITE : read and write data : Getting value for Random.ActivePower_kW at 1/11/2017 4:17:50 PM +07:00
2017-01-11 09:25:03 : WRITE : read and write data : Getting value for Random.ActivePower_kW at 1/11/2017 4:17:53 PM +07:00
2017-01-11 09:25:06 : WRITE : read and write data : Getting value for Random.ActivePower_kW at 1/11/2017 4:17:56 PM +07:00
2017-01-11 09:25:09 : WRITE : read and write data : Getting value for Random.ActivePower_kW at 1/11/2017 4:17:59 PM +07:00
2017-01-11 09:25:12 : WRITE : read and write data : Getting value for Random.ActivePower_kW at 1/11/2017 4:18:02 PM +07:00
2017-01-11 09:25:15 : WRITE : read and write data : Getting value for Random.ActivePower_kW at 1/11/2017 4:18:05 PM +07:00
2017-01-11 09:25:18 : WRITE : read and write data : Getting value for Random.ActivePower_kW at 1/11/2017 4:18:08 PM +07:00
2017-01-11 09:25:21 : WRITE : read and write data : Getting value for Random.ActivePower_kW at 1/11/2017 4:18:11 PM +07:00
2017-01-11 09:25:24 : WRITE : read and write data : Getting value for Random.ActivePower_kW at 1/11/2017 4:18:14 PM +07:00
2017-01-11 09:25:27 : WRITE : read and write data : Getting value for Random.ActivePower_kW at 1/11/2017 4:18:18 PM +07:00
2017-01-11 09:25:30 : WRITE : read and write data : Getting value for Random.ActivePower_kW at 1/11/2017 4:18:21 PM +07:00
2017-01-11 09:25:33 : WRITE : read and write data : Getting value for Random.ActivePower_kW at 1/11/2017 4:18:24 PM +07:00
2017-01-11 09:25:36 : WRITE : read and write data : Getting value for Random.ActivePower_kW at 1/11/2017 4:18:27 PM +07:00
2017-01-11 09:25:39 : WRITE : read and write data : Getting value for Random.ActivePower_kW at 1/11/2017 4:18:30 PM +07:00
2017-01-11 09:25:42 : WRITE : read and write data : Getting value for Random.ActivePower_kW at 1/11/2017 4:18:33 PM +07:00
2017-01-11 09:25:45 : WRITE : read and write data : Getting value for Random.ActivePower_kW at 1/11/2017 4:18:36 PM +07:00
2017-01-11 09:25:48 : WRITE : read and write data : Getting value for Random.ActivePower_kW at 1/11/2017 4:18:39 PM +07:00
2017-01-11 09:25:52 : WRITE : read and write data : Getting value for Random.ActivePower_kW at 1/11/2017 4:18:42 PM +07:00
2017-01-11 09:25:55 : WRITE : read and write data : Getting value for Random.ActivePower_kW at 1/11/2017 4:18:45 PM +07:00
2017-01-11 09:25:58 : WRITE : read and write data : Getting value for Random.ActivePower_kW at 1/11/2017 4:18:48 PM +07:00
2017-01-11 09:26:01 : WRITE : read and write data : Getting value for Random.ActivePower_kW at 1/11/2017 4:18:51 PM +07:00
2017-01-11 09:26:04 : WRITE : read and write data : Getting value for Random.ActivePower_kW at 1/11/2017 4:18:54 PM +07:00
2017-01-11 09:26:07 : WRITE : read and write data : Getting value for Random.ActivePower_kW at 1/11/2017 4:18:57 PM +07:00
2017-01-11 09:26:10 : WRITE : read and write data : Getting value for Random.ActivePower_kW at 1/11/2017 4:19:00 PM +07:00
2017-01-11 09:26:13 : WRITE : read and write data : Getting value for Random.ActivePower_kW at 1/11/2017 4:19:03 PM +07:00
2017-01-11 09:26:16 : WRITE : read and write data : Getting value for Random.ActivePower_kW at 1/11/2017 4:19:06 PM +07:00
2017-01-11 09:26:19 : WRITE : read and write data : Getting value for Random.ActivePower_kW at 1/11/2017 4:19:09 PM +07:00
2017-01-11 09:26:22 : WRITE : read and write data : Getting value for Random.ActivePower_kW at 1/11/2017 4:19:12 PM +07:00
2017-01-11 09:26:25 : WRITE : read and write data : Getting value for Random.ActivePower_kW at 1/11/2017 4:19:15 PM +07:00
2017-01-11 09:26:28 : WRITE : read and write data : Getting value for Random.ActivePower_kW at 1/11/2017 4:19:18 PM +07:00
2017-01-11 09:26:31 : WRITE : read and write data : Getting value for Random.ActivePower_kW at 1/11/2017 4:19:21 PM +07:00
2017-01-11 09:26:34 : WRITE : read and write data : Getting value for Random.ActivePower_kW at 1/11/2017 4:19:25 PM +07:00
2017-01-11 09:26:37 : WRITE : read and write data : Getting value for Random.ActivePower_kW at 1/11/2017 4:19:28 PM +07:00
2017-01-11 09:26:40 : WRITE : read and write data : Getting value for Random.ActivePower_kW at 1/11/2017 4:19:31 PM +07:00
2017-01-11 09:26:43 : WRITE : read and write data : Getting value for Random.ActivePower_kW at 1/11/2017 4:19:34 PM +07:00
2017-01-11 09:26:46 : WRITE : read and write data : Getting value for Random.ActivePower_kW at 1/11/2017 4:19:37 PM +07:00
2017-01-11 09:26:49 : WRITE : read and write data : Getting value for Random.ActivePower_kW at 1/11/2017 4:19:40 PM +07:00
2017-01-11 09:26:52 : WRITE : read and write data : Getting value for Random.ActivePower_kW at 1/11/2017 4:19:43 PM +07:00
2017-01-11 09:26:55 : WRITE : read and write data : Getting value for Random.ActivePower_kW at 1/11/2017 4:19:45 PM +07:00
2017-01-11 09:26:58 : WRITE : read and write data : Getting value for Random.ActivePower_kW at 1/11/2017 4:19:49 PM +07:00
2017-01-11 09:27:01 : WRITE : read and write data : Getting value for Random.ActivePower_kW at 1/11/2017 4:19:51 PM +07:00
2017-01-11 09:27:04 : WRITE : read and write data : Getting value for Random.ActivePower_kW at 1/11/2017 4:19:54 PM +07:00
2017-01-11 09:27:08 : WRITE : read and write data : Getting value for Random.ActivePower_kW at 1/11/2017 4:19:57 PM +07:00
2017-01-11 09:27:11 : WRITE : read and write data : Getting value for Random.ActivePower_kW at 1/11/2017 4:20:00 PM +07:00
2017-01-11 09:27:14 : WRITE : read and write data : Getting value for Random.ActivePower_kW at 1/11/2017 4:20:03 PM +07:00
2017-01-11 09:27:17 : WRITE : read and write data : Getting value for Random.ActivePower_kW at 1/11/2017 4:20:06 PM +07:00
2017-01-11 09:27:20 : WRITE : read and write data : Getting value for Random.ActivePower_kW at 1/11/2017 4:20:09 PM +07:00
2017-01-11 09:27:23 : WRITE : read and write data : Getting value for Random.ActivePower_kW at 1/11/2017 4:20:12 PM +07:00
2017-01-11 09:27:26 : WRITE : read and write data : Getting value for Random.ActivePower_kW at 1/11/2017 4:20:15 PM +07:00
2017-01-11 09:27:29 : WRITE : read and write data : Getting value for Random.ActivePower_kW at 1/11/2017 4:20:18 PM +07:00
2017-01-11 09:27:32 : WRITE : read and write data : Getting value for Random.ActivePower_kW at 1/11/2017 4:20:21 PM +07:00
2017-01-11 09:27:35 : WRITE : read and write data : Getting value for Random.ActivePower_kW at 1/11/2017 4:20:24 PM +07:00
2017-01-11 09:27:38 : WRITE : read and write data : Getting value for Random.ActivePower_kW at 1/11/2017 4:20:28 PM +07:00
2017-01-11 09:27:41 : WRITE : read and write data : Getting value for Random.ActivePower_kW at 1/11/2017 4:20:31 PM +07:00
2017-01-11 09:27:44 : WRITE : read and write data : Getting value for Random.ActivePower_kW at 1/11/2017 4:20:34 PM +07:00
2017-01-11 09:27:47 : WRITE : read and write data : Getting value for Random.ActivePower_kW at 1/11/2017 4:20:37 PM +07:00
2017-01-11 09:27:50 : WRITE : read and write data : Getting value for Random.ActivePower_kW at 1/11/2017 4:20:40 PM +07:00
2017-01-11 09:27:53 : STOP : stoping service : Stopping services
2017-01-11 09:27:53 : WRITE : read and write data : Getting value for Random.ActivePower_kW at 1/11/2017 4:20:43 PM +07:00
2017-01-11 09:30:34 : START : starting service : Starting services
2017-01-11 09:30:34 : WRITE : read and write data : Matrikon.OPC.Simulation.1:Localhost
2017-01-11 09:30:34 : SUBSCRIBE : subscribe  : Subscribe for Random
2017-01-11 09:30:34 : WRITE : read and write data : Getting value for Random.ActivePower_kW at 1/11/2017 4:30:33 PM +07:00
2017-01-11 09:30:37 : WRITE : read and write data : Getting value for Random.ActivePower_kW at 1/11/2017 4:30:36 PM +07:00
2017-01-11 09:30:40 : WRITE : read and write data : Getting value for Random.ActivePower_kW at 1/11/2017 4:30:39 PM +07:00
2017-01-11 09:30:43 : WRITE : read and write data : Getting value for Random.ActivePower_kW at 1/11/2017 4:30:42 PM +07:00
2017-01-11 09:30:46 : WRITE : read and write data : Getting value for Random.ActivePower_kW at 1/11/2017 4:30:45 PM +07:00
2017-01-11 09:30:49 : WRITE : read and write data : Getting value for Random.ActivePower_kW at 1/11/2017 4:30:48 PM +07:00
2017-01-11 09:30:52 : WRITE : read and write data : Getting value for Random.ActivePower_kW at 1/11/2017 4:30:51 PM +07:00
2017-01-11 09:30:55 : WRITE : read and write data : Getting value for Random.ActivePower_kW at 1/11/2017 4:30:54 PM +07:00
2017-01-11 09:30:58 : WRITE : read and write data : Getting value for Random.ActivePower_kW at 1/11/2017 4:30:57 PM +07:00
2017-01-11 09:31:01 : WRITE : read and write data : Getting value for Random.ActivePower_kW at 1/11/2017 4:31:00 PM +07:00
2017-01-11 09:31:04 : WRITE : read and write data : Getting value for Random.ActivePower_kW at 1/11/2017 4:31:03 PM +07:00
2017-01-11 09:31:07 : WRITE : read and write data : Getting value for Random.ActivePower_kW at 1/11/2017 4:31:06 PM +07:00
2017-01-11 09:31:10 : WRITE : read and write data : Getting value for Random.ActivePower_kW at 1/11/2017 4:31:09 PM +07:00
2017-01-11 09:31:13 : WRITE : read and write data : Getting value for Random.ActivePower_kW at 1/11/2017 4:31:12 PM +07:00
2017-01-11 09:31:16 : WRITE : read and write data : Getting value for Random.ActivePower_kW at 1/11/2017 4:31:15 PM +07:00
2017-01-11 09:31:19 : WRITE : read and write data : Getting value for Random.ActivePower_kW at 1/11/2017 4:31:18 PM +07:00
2017-01-11 09:31:22 : WRITE : read and write data : Getting value for Random.ActivePower_kW at 1/11/2017 4:31:21 PM +07:00
2017-01-11 09:31:25 : WRITE : read and write data : Getting value for Random.ActivePower_kW at 1/11/2017 4:31:25 PM +07:00
2017-01-11 09:31:28 : WRITE : read and write data : Getting value for Random.ActivePower_kW at 1/11/2017 4:31:28 PM +07:00
2017-01-11 09:31:31 : WRITE : read and write data : Getting value for Random.ActivePower_kW at 1/11/2017 4:31:31 PM +07:00
2017-01-11 09:31:34 : WRITE : read and write data : Getting value for Random.ActivePower_kW at 1/11/2017 4:31:34 PM +07:00
2017-01-11 09:31:37 : WRITE : read and write data : Getting value for Random.ActivePower_kW at 1/11/2017 4:24:27 PM +07:00
2017-01-11 09:31:41 : WRITE : read and write data : Getting value for Random.ActivePower_kW at 1/11/2017 4:24:30 PM +07:00
2017-01-11 09:31:43 : WRITE : read and write data : Getting value for Random.ActivePower_kW at 1/11/2017 4:24:33 PM +07:00
2017-01-11 09:31:47 : WRITE : read and write data : Getting value for Random.ActivePower_kW at 1/11/2017 4:24:36 PM +07:00
2017-01-11 09:31:50 : WRITE : read and write data : Getting value for Random.ActivePower_kW at 1/11/2017 4:24:39 PM +07:00
2017-01-11 09:31:53 : WRITE : read and write data : Getting value for Random.ActivePower_kW at 1/11/2017 4:24:42 PM +07:00
2017-01-11 09:31:56 : WRITE : read and write data : Getting value for Random.ActivePower_kW at 1/11/2017 4:24:45 PM +07:00
2017-01-11 09:31:59 : WRITE : read and write data : Getting value for Random.ActivePower_kW at 1/11/2017 4:24:49 PM +07:00
2017-01-11 09:32:02 : WRITE : read and write data : Getting value for Random.ActivePower_kW at 1/11/2017 4:24:52 PM +07:00
2017-01-11 09:32:05 : WRITE : read and write data : Getting value for Random.ActivePower_kW at 1/11/2017 4:24:55 PM +07:00
2017-01-11 09:32:08 : WRITE : read and write data : Getting value for Random.ActivePower_kW at 1/11/2017 4:24:58 PM +07:00
2017-01-11 09:32:11 : WRITE : read and write data : Getting value for Random.ActivePower_kW at 1/11/2017 4:25:01 PM +07:00
2017-01-11 09:32:14 : WRITE : read and write data : Getting value for Random.ActivePower_kW at 1/11/2017 4:25:04 PM +07:00
2017-01-11 09:32:17 : WRITE : read and write data : Getting value for Random.ActivePower_kW at 1/11/2017 4:25:07 PM +07:00
2017-01-11 09:32:20 : WRITE : read and write data : Getting value for Random.ActivePower_kW at 1/11/2017 4:25:10 PM +07:00
2017-01-11 09:32:23 : WRITE : read and write data : Getting value for Random.ActivePower_kW at 1/11/2017 4:25:13 PM +07:00
2017-01-11 09:32:26 : WRITE : read and write data : Getting value for Random.ActivePower_kW at 1/11/2017 4:25:16 PM +07:00
2017-01-11 09:32:29 : WRITE : read and write data : Getting value for Random.ActivePower_kW at 1/11/2017 4:25:19 PM +07:00
2017-01-11 09:32:32 : WRITE : read and write data : Getting value for Random.ActivePower_kW at 1/11/2017 4:25:22 PM +07:00
2017-01-11 09:32:35 : WRITE : read and write data : Getting value for Random.ActivePower_kW at 1/11/2017 4:25:25 PM +07:00
2017-01-11 09:32:38 : WRITE : read and write data : Getting value for Random.ActivePower_kW at 1/11/2017 4:25:28 PM +07:00
2017-01-11 09:32:41 : WRITE : read and write data : Getting value for Random.ActivePower_kW at 1/11/2017 4:25:31 PM +07:00
2017-01-11 09:32:44 : WRITE : read and write data : Getting value for Random.ActivePower_kW at 1/11/2017 4:25:34 PM +07:00
2017-01-11 09:32:47 : WRITE : read and write data : Getting value for Random.ActivePower_kW at 1/11/2017 4:25:37 PM +07:00
2017-01-11 09:32:50 : WRITE : read and write data : Getting value for Random.ActivePower_kW at 1/11/2017 4:25:40 PM +07:00
2017-01-11 09:32:53 : WRITE : read and write data : Getting value for Random.ActivePower_kW at 1/11/2017 4:25:43 PM +07:00
2017-01-11 09:32:56 : WRITE : read and write data : Getting value for Random.ActivePower_kW at 1/11/2017 4:25:46 PM +07:00
2017-01-11 09:32:59 : WRITE : read and write data : Getting value for Random.ActivePower_kW at 1/11/2017 4:25:49 PM +07:00
2017-01-11 09:33:02 : WRITE : read and write data : Getting value for Random.ActivePower_kW at 1/11/2017 4:25:53 PM +07:00
2017-01-11 09:33:05 : WRITE : read and write data : Getting value for Random.ActivePower_kW at 1/11/2017 4:25:56 PM +07:00
2017-01-11 09:33:09 : WRITE : read and write data : Getting value for Random.ActivePower_kW at 1/11/2017 4:25:59 PM +07:00
2017-01-11 09:33:12 : WRITE : read and write data : Getting value for Random.ActivePower_kW at 1/11/2017 4:26:02 PM +07:00
2017-01-11 09:33:15 : WRITE : read and write data : Getting value for Random.ActivePower_kW at 1/11/2017 4:26:05 PM +07:00
2017-01-11 09:33:18 : WRITE : read and write data : Getting value for Random.ActivePower_kW at 1/11/2017 4:26:08 PM +07:00
2017-01-11 09:33:21 : WRITE : read and write data : Getting value for Random.ActivePower_kW at 1/11/2017 4:26:11 PM +07:00
2017-01-11 09:33:24 : WRITE : read and write data : Getting value for Random.ActivePower_kW at 1/11/2017 4:26:14 PM +07:00
2017-01-11 09:33:27 : WRITE : read and write data : Getting value for Random.ActivePower_kW at 1/11/2017 4:26:17 PM +07:00
2017-01-11 09:33:30 : WRITE : read and write data : Getting value for Random.ActivePower_kW at 1/11/2017 4:26:20 PM +07:00
2017-01-11 09:33:33 : WRITE : read and write data : Getting value for Random.ActivePower_kW at 1/11/2017 4:26:23 PM +07:00
2017-01-11 09:33:36 : WRITE : read and write data : Getting value for Random.ActivePower_kW at 1/11/2017 4:26:26 PM +07:00
2017-01-11 09:33:39 : WRITE : read and write data : Getting value for Random.ActivePower_kW at 1/11/2017 4:26:29 PM +07:00
2017-01-11 09:33:42 : WRITE : read and write data : Getting value for Random.ActivePower_kW at 1/11/2017 4:26:32 PM +07:00
2017-01-11 09:33:45 : WRITE : read and write data : Getting value for Random.ActivePower_kW at 1/11/2017 4:26:35 PM +07:00
2017-01-11 09:33:48 : WRITE : read and write data : Getting value for Random.ActivePower_kW at 1/11/2017 4:26:38 PM +07:00
2017-01-11 09:33:51 : WRITE : read and write data : Getting value for Random.ActivePower_kW at 1/11/2017 4:26:41 PM +07:00
2017-01-11 09:33:54 : WRITE : read and write data : Getting value for Random.ActivePower_kW at 1/11/2017 4:26:44 PM +07:00
2017-01-11 09:33:57 : WRITE : read and write data : Getting value for Random.ActivePower_kW at 1/11/2017 4:26:47 PM +07:00
2017-01-11 09:34:00 : WRITE : read and write data : Getting value for Random.ActivePower_kW at 1/11/2017 4:26:50 PM +07:00
2017-01-11 09:34:03 : WRITE : read and write data : Getting value for Random.ActivePower_kW at 1/11/2017 4:26:53 PM +07:00
2017-01-11 09:34:06 : WRITE : read and write data : Getting value for Random.ActivePower_kW at 1/11/2017 4:26:57 PM +07:00
2017-01-11 09:34:09 : WRITE : read and write data : Getting value for Random.ActivePower_kW at 1/11/2017 4:27:00 PM +07:00
2017-01-11 09:34:12 : WRITE : read and write data : Getting value for Random.ActivePower_kW at 1/11/2017 4:27:03 PM +07:00
2017-01-11 09:34:15 : WRITE : read and write data : Getting value for Random.ActivePower_kW at 1/11/2017 4:27:06 PM +07:00
2017-01-11 09:34:18 : WRITE : read and write data : Getting value for Random.ActivePower_kW at 1/11/2017 4:27:09 PM +07:00
2017-01-11 09:34:21 : WRITE : read and write data : Getting value for Random.ActivePower_kW at 1/11/2017 4:27:12 PM +07:00
2017-01-11 09:34:24 : WRITE : read and write data : Getting value for Random.ActivePower_kW at 1/11/2017 4:27:15 PM +07:00
2017-01-11 09:34:27 : WRITE : read and write data : Getting value for Random.ActivePower_kW at 1/11/2017 4:27:18 PM +07:00
2017-01-11 09:34:30 : WRITE : read and write data : Getting value for Random.ActivePower_kW at 1/11/2017 4:27:21 PM +07:00
2017-01-11 09:34:34 : WRITE : read and write data : Getting value for Random.ActivePower_kW at 1/11/2017 4:27:24 PM +07:00
2017-01-11 09:34:37 : WRITE : read and write data : Getting value for Random.ActivePower_kW at 1/11/2017 4:27:27 PM +07:00
2017-01-11 09:34:40 : WRITE : read and write data : Getting value for Random.ActivePower_kW at 1/11/2017 4:27:30 PM +07:00
2017-01-11 09:34:43 : WRITE : read and write data : Getting value for Random.ActivePower_kW at 1/11/2017 4:27:33 PM +07:00
2017-01-11 09:34:46 : WRITE : read and write data : Getting value for Random.ActivePower_kW at 1/11/2017 4:27:35 PM +07:00
2017-01-11 09:34:49 : WRITE : read and write data : Getting value for Random.ActivePower_kW at 1/11/2017 4:27:38 PM +07:00
2017-01-11 09:34:52 : WRITE : read and write data : Getting value for Random.ActivePower_kW at 1/11/2017 4:27:41 PM +07:00
2017-01-11 09:34:55 : WRITE : read and write data : Getting value for Random.ActivePower_kW at 1/11/2017 4:27:44 PM +07:00
2017-01-11 09:34:58 : WRITE : read and write data : Getting value for Random.ActivePower_kW at 1/11/2017 4:27:47 PM +07:00
2017-01-11 09:35:01 : WRITE : read and write data : Getting value for Random.ActivePower_kW at 1/11/2017 4:27:50 PM +07:00
2017-01-11 09:35:04 : WRITE : read and write data : Getting value for Random.ActivePower_kW at 1/11/2017 4:27:53 PM +07:00
2017-01-11 09:35:07 : WRITE : read and write data : Getting value for Random.ActivePower_kW at 1/11/2017 4:27:56 PM +07:00
2017-01-11 09:35:10 : WRITE : read and write data : Getting value for Random.ActivePower_kW at 1/11/2017 4:35:09 PM +07:00
2017-01-11 09:35:13 : WRITE : read and write data : Getting value for Random.ActivePower_kW at 1/11/2017 4:35:12 PM +07:00
2017-01-11 09:35:16 : WRITE : read and write data : Getting value for Random.ActivePower_kW at 1/11/2017 4:35:15 PM +07:00
2017-01-11 09:35:19 : WRITE : read and write data : Getting value for Random.ActivePower_kW at 1/11/2017 4:35:18 PM +07:00
2017-01-11 09:35:22 : WRITE : read and write data : Getting value for Random.ActivePower_kW at 1/11/2017 4:35:21 PM +07:00
2017-01-11 09:35:25 : WRITE : read and write data : Getting value for Random.ActivePower_kW at 1/11/2017 4:35:24 PM +07:00
2017-01-11 09:35:28 : WRITE : read and write data : Getting value for Random.ActivePower_kW at 1/11/2017 4:35:27 PM +07:00
2017-01-11 09:35:31 : WRITE : read and write data : Getting value for Random.ActivePower_kW at 1/11/2017 4:35:30 PM +07:00
2017-01-11 09:35:34 : WRITE : read and write data : Getting value for Random.ActivePower_kW at 1/11/2017 4:35:33 PM +07:00
2017-01-11 09:35:37 : WRITE : read and write data : Getting value for Random.ActivePower_kW at 1/11/2017 4:35:36 PM +07:00
2017-01-11 09:35:40 : WRITE : read and write data : Getting value for Random.ActivePower_kW at 1/11/2017 4:35:39 PM +07:00
2017-01-11 09:35:43 : WRITE : read and write data : Getting value for Random.ActivePower_kW at 1/11/2017 4:35:42 PM +07:00
2017-01-11 09:35:46 : WRITE : read and write data : Getting value for Random.ActivePower_kW at 1/11/2017 4:35:46 PM +07:00
2017-01-11 09:35:49 : WRITE : read and write data : Getting value for Random.ActivePower_kW at 1/11/2017 4:35:49 PM +07:00
2017-01-11 09:35:52 : WRITE : read and write data : Getting value for Random.ActivePower_kW at 1/11/2017 4:35:52 PM +07:00
2017-01-11 09:35:55 : WRITE : read and write data : Getting value for Random.ActivePower_kW at 1/11/2017 4:35:55 PM +07:00
2017-01-11 09:35:58 : WRITE : read and write data : Getting value for Random.ActivePower_kW at 1/11/2017 4:35:58 PM +07:00
2017-01-11 09:36:01 : WRITE : read and write data : Getting value for Random.ActivePower_kW at 1/11/2017 4:36:01 PM +07:00
2017-01-11 09:36:05 : WRITE : read and write data : Getting value for Random.ActivePower_kW at 1/11/2017 4:36:04 PM +07:00
2017-01-11 09:36:08 : WRITE : read and write data : Getting value for Random.ActivePower_kW at 1/11/2017 4:36:07 PM +07:00
2017-01-11 09:36:11 : WRITE : read and write data : Getting value for Random.ActivePower_kW at 1/11/2017 4:36:10 PM +07:00
2017-01-11 09:36:14 : WRITE : read and write data : Getting value for Random.ActivePower_kW at 1/11/2017 4:36:13 PM +07:00
2017-01-11 09:36:17 : WRITE : read and write data : Getting value for Random.ActivePower_kW at 1/11/2017 4:36:16 PM +07:00
2017-01-11 09:36:20 : WRITE : read and write data : Getting value for Random.ActivePower_kW at 1/11/2017 4:36:19 PM +07:00
2017-01-11 09:36:23 : WRITE : read and write data : Getting value for Random.ActivePower_kW at 1/11/2017 4:36:22 PM +07:00
2017-01-11 09:36:26 : WRITE : read and write data : Getting value for Random.ActivePower_kW at 1/11/2017 4:36:25 PM +07:00
2017-01-11 09:36:29 : WRITE : read and write data : Getting value for Random.ActivePower_kW at 1/11/2017 4:36:28 PM +07:00
2017-01-11 09:36:32 : WRITE : read and write data : Getting value for Random.ActivePower_kW at 1/11/2017 4:36:31 PM +07:00
2017-01-11 09:36:35 : WRITE : read and write data : Getting value for Random.ActivePower_kW at 1/11/2017 4:36:34 PM +07:00
2017-01-11 09:36:38 : WRITE : read and write data : Getting value for Random.ActivePower_kW at 1/11/2017 4:36:37 PM +07:00
2017-01-11 09:36:41 : WRITE : read and write data : Getting value for Random.ActivePower_kW at 1/11/2017 4:36:40 PM +07:00
2017-01-11 09:36:44 : WRITE : read and write data : Getting value for Random.ActivePower_kW at 1/11/2017 4:36:43 PM +07:00
2017-01-11 09:36:47 : WRITE : read and write data : Getting value for Random.ActivePower_kW at 1/11/2017 4:36:46 PM +07:00
2017-01-11 09:36:50 : WRITE : read and write data : Getting value for Random.ActivePower_kW at 1/11/2017 4:36:50 PM +07:00
2017-01-11 09:36:53 : WRITE : read and write data : Getting value for Random.ActivePower_kW at 1/11/2017 4:36:53 PM +07:00
2017-01-11 09:36:56 : WRITE : read and write data : Getting value for Random.ActivePower_kW at 1/11/2017 4:36:56 PM +07:00
2017-01-11 09:36:59 : WRITE : read and write data : Getting value for Random.ActivePower_kW at 1/11/2017 4:36:59 PM +07:00
2017-01-11 09:37:02 : WRITE : read and write data : Getting value for Random.ActivePower_kW at 1/11/2017 4:37:02 PM +07:00
2017-01-11 09:37:05 : WRITE : read and write data : Getting value for Random.ActivePower_kW at 1/11/2017 4:37:05 PM +07:00
2017-01-11 09:37:08 : WRITE : read and write data : Getting value for Random.ActivePower_kW at 1/11/2017 4:37:08 PM +07:00
2017-01-11 09:37:11 : WRITE : read and write data : Getting value for Random.ActivePower_kW at 1/11/2017 4:37:11 PM +07:00
2017-01-11 09:37:14 : WRITE : read and write data : Getting value for Random.ActivePower_kW at 1/11/2017 4:37:14 PM +07:00
2017-01-11 09:37:17 : WRITE : read and write data : Getting value for Random.ActivePower_kW at 1/11/2017 4:37:17 PM +07:00
2017-01-11 09:37:20 : WRITE : read and write data : Getting value for Random.ActivePower_kW at 1/11/2017 4:37:20 PM +07:00
2017-01-11 09:37:23 : WRITE : read and write data : Getting value for Random.ActivePower_kW at 1/11/2017 4:37:23 PM +07:00
2017-01-11 09:37:26 : WRITE : read and write data : Getting value for Random.ActivePower_kW at 1/11/2017 4:37:26 PM +07:00
2017-01-11 09:37:29 : WRITE : read and write data : Getting value for Random.ActivePower_kW at 1/11/2017 4:37:29 PM +07:00
2017-01-11 09:37:32 : WRITE : read and write data : Getting value for Random.ActivePower_kW at 1/11/2017 4:37:32 PM +07:00
2017-01-11 09:37:35 : WRITE : read and write data : Getting value for Random.ActivePower_kW at 1/11/2017 4:37:35 PM +07:00
2017-01-11 09:37:38 : WRITE : read and write data : Getting value for Random.ActivePower_kW at 1/11/2017 4:37:38 PM +07:00
2017-01-11 09:37:41 : WRITE : read and write data : Getting value for Random.ActivePower_kW at 1/11/2017 4:37:41 PM +07:00
2017-01-11 09:37:45 : WRITE : read and write data : Getting value for Random.ActivePower_kW at 1/11/2017 4:37:44 PM +07:00
2017-01-11 09:37:48 : WRITE : read and write data : Getting value for Random.ActivePower_kW at 1/11/2017 4:37:47 PM +07:00
2017-01-11 09:37:51 : WRITE : read and write data : Getting value for Random.ActivePower_kW at 1/11/2017 4:37:50 PM +07:00
2017-01-11 09:37:54 : WRITE : read and write data : Getting value for Random.ActivePower_kW at 1/11/2017 4:37:54 PM +07:00
2017-01-11 09:37:57 : WRITE : read and write data : Getting value for Random.ActivePower_kW at 1/11/2017 4:37:57 PM +07:00
2017-01-11 09:38:00 : WRITE : read and write data : Getting value for Random.ActivePower_kW at 1/11/2017 4:38:00 PM +07:00
2017-01-11 09:38:03 : WRITE : read and write data : Getting value for Random.ActivePower_kW at 1/11/2017 4:38:03 PM +07:00
2017-01-11 09:38:06 : WRITE : read and write data : Getting value for Random.ActivePower_kW at 1/11/2017 4:38:06 PM +07:00
2017-01-11 09:38:09 : WRITE : read and write data : Getting value for Random.ActivePower_kW at 1/11/2017 4:38:08 PM +07:00
2017-01-11 09:38:12 : WRITE : read and write data : Getting value for Random.ActivePower_kW at 1/11/2017 4:38:11 PM +07:00
2017-01-11 09:38:15 : WRITE : read and write data : Getting value for Random.ActivePower_kW at 1/11/2017 4:38:14 PM +07:00
2017-01-11 09:38:18 : WRITE : read and write data : Getting value for Random.ActivePower_kW at 1/11/2017 4:38:17 PM +07:00
2017-01-11 09:38:21 : WRITE : read and write data : Getting value for Random.ActivePower_kW at 1/11/2017 4:38:20 PM +07:00
2017-01-11 09:38:24 : WRITE : read and write data : Getting value for Random.ActivePower_kW at 1/11/2017 4:38:23 PM +07:00
2017-01-11 09:38:27 : WRITE : read and write data : Getting value for Random.ActivePower_kW at 1/11/2017 4:38:26 PM +07:00
2017-01-11 09:38:30 : WRITE : read and write data : Getting value for Random.ActivePower_kW at 1/11/2017 4:38:29 PM +07:00
2017-01-11 09:38:33 : WRITE : read and write data : Getting value for Random.ActivePower_kW at 1/11/2017 4:38:32 PM +07:00
2017-01-11 09:38:36 : WRITE : read and write data : Getting value for Random.ActivePower_kW at 1/11/2017 4:38:35 PM +07:00
2017-01-11 09:38:39 : WRITE : read and write data : Getting value for Random.ActivePower_kW at 1/11/2017 4:38:38 PM +07:00
2017-01-11 09:38:42 : WRITE : read and write data : Getting value for Random.ActivePower_kW at 1/11/2017 4:38:41 PM +07:00
2017-01-11 09:38:45 : WRITE : read and write data : Getting value for Random.ActivePower_kW at 1/11/2017 4:31:35 PM +07:00
2017-01-11 09:38:48 : WRITE : read and write data : Getting value for Random.ActivePower_kW at 1/11/2017 4:31:38 PM +07:00
2017-01-11 09:38:51 : WRITE : read and write data : Getting value for Random.ActivePower_kW at 1/11/2017 4:31:41 PM +07:00
2017-01-11 09:38:54 : WRITE : read and write data : Getting value for Random.ActivePower_kW at 1/11/2017 4:31:44 PM +07:00
2017-01-11 09:38:57 : WRITE : read and write data : Getting value for Random.ActivePower_kW at 1/11/2017 4:31:47 PM +07:00
2017-01-11 09:39:00 : WRITE : read and write data : Getting value for Random.ActivePower_kW at 1/11/2017 4:31:50 PM +07:00
2017-01-11 09:39:03 : WRITE : read and write data : Getting value for Random.ActivePower_kW at 1/11/2017 4:31:53 PM +07:00
2017-01-11 09:39:06 : WRITE : read and write data : Getting value for Random.ActivePower_kW at 1/11/2017 4:31:56 PM +07:00
2017-01-11 09:39:09 : WRITE : read and write data : Getting value for Random.ActivePower_kW at 1/11/2017 4:31:59 PM +07:00
2017-01-11 09:39:12 : WRITE : read and write data : Getting value for Random.ActivePower_kW at 1/11/2017 4:32:02 PM +07:00
2017-01-11 09:39:15 : WRITE : read and write data : Getting value for Random.ActivePower_kW at 1/11/2017 4:32:05 PM +07:00
2017-01-11 09:39:18 : WRITE : read and write data : Getting value for Random.ActivePower_kW at 1/11/2017 4:32:08 PM +07:00
2017-01-11 09:39:21 : WRITE : read and write data : Getting value for Random.ActivePower_kW at 1/11/2017 4:32:11 PM +07:00
2017-01-11 09:39:24 : WRITE : read and write data : Getting value for Random.ActivePower_kW at 1/11/2017 4:32:14 PM +07:00
2017-01-11 09:39:27 : WRITE : read and write data : Getting value for Random.ActivePower_kW at 1/11/2017 4:32:17 PM +07:00
2017-01-11 09:39:30 : WRITE : read and write data : Getting value for Random.ActivePower_kW at 1/11/2017 4:32:21 PM +07:00
2017-01-11 09:39:33 : WRITE : read and write data : Getting value for Random.ActivePower_kW at 1/11/2017 4:32:24 PM +07:00
2017-01-11 09:39:37 : WRITE : read and write data : Getting value for Random.ActivePower_kW at 1/11/2017 4:32:27 PM +07:00
2017-01-11 09:39:40 : WRITE : read and write data : Getting value for Random.ActivePower_kW at 1/11/2017 4:32:30 PM +07:00
2017-01-11 09:39:43 : WRITE : read and write data : Getting value for Random.ActivePower_kW at 1/11/2017 4:32:33 PM +07:00
2017-01-11 09:39:46 : WRITE : read and write data : Getting value for Random.ActivePower_kW at 1/11/2017 4:32:36 PM +07:00
2017-01-11 09:39:49 : WRITE : read and write data : Getting value for Random.ActivePower_kW at 1/11/2017 4:32:39 PM +07:00
2017-01-11 09:39:52 : WRITE : read and write data : Getting value for Random.ActivePower_kW at 1/11/2017 4:32:42 PM +07:00
2017-01-11 09:39:55 : WRITE : read and write data : Getting value for Random.ActivePower_kW at 1/11/2017 4:32:45 PM +07:00
2017-01-11 09:39:58 : WRITE : read and write data : Getting value for Random.ActivePower_kW at 1/11/2017 4:32:48 PM +07:00
2017-01-11 09:40:01 : WRITE : read and write data : Getting value for Random.ActivePower_kW at 1/11/2017 4:32:51 PM +07:00
2017-01-11 09:40:04 : WRITE : read and write data : Getting value for Random.ActivePower_kW at 1/11/2017 4:32:54 PM +07:00
2017-01-11 09:40:07 : WRITE : read and write data : Getting value for Random.ActivePower_kW at 1/11/2017 4:32:57 PM +07:00
2017-01-11 09:40:10 : WRITE : read and write data : Getting value for Random.ActivePower_kW at 1/11/2017 4:33:00 PM +07:00
2017-01-11 09:40:13 : WRITE : read and write data : Getting value for Random.ActivePower_kW at 1/11/2017 4:33:03 PM +07:00
2017-01-11 09:40:16 : WRITE : read and write data : Getting value for Random.ActivePower_kW at 1/11/2017 4:33:06 PM +07:00
2017-01-11 09:40:19 : WRITE : read and write data : Getting value for Random.ActivePower_kW at 1/11/2017 4:33:09 PM +07:00
2017-01-11 09:40:22 : WRITE : read and write data : Getting value for Random.ActivePower_kW at 1/11/2017 4:33:12 PM +07:00
2017-01-11 09:40:25 : WRITE : read and write data : Getting value for Random.ActivePower_kW at 1/11/2017 4:33:15 PM +07:00
2017-01-11 09:40:28 : WRITE : read and write data : Getting value for Random.ActivePower_kW at 1/11/2017 4:33:18 PM +07:00
2017-01-11 09:40:31 : WRITE : read and write data : Getting value for Random.ActivePower_kW at 1/11/2017 4:33:21 PM +07:00
2017-01-11 09:40:34 : WRITE : read and write data : Getting value for Random.ActivePower_kW at 1/11/2017 4:33:24 PM +07:00
2017-01-11 09:40:37 : WRITE : read and write data : Getting value for Random.ActivePower_kW at 1/11/2017 4:33:28 PM +07:00
2017-01-11 09:40:40 : WRITE : read and write data : Getting value for Random.ActivePower_kW at 1/11/2017 4:33:31 PM +07:00
2017-01-11 09:40:43 : WRITE : read and write data : Getting value for Random.ActivePower_kW at 1/11/2017 4:33:33 PM +07:00
2017-01-11 09:40:46 : WRITE : read and write data : Getting value for Random.ActivePower_kW at 1/11/2017 4:33:36 PM +07:00
2017-01-11 09:40:49 : WRITE : read and write data : Getting value for Random.ActivePower_kW at 1/11/2017 4:33:39 PM +07:00
2017-01-11 09:40:52 : WRITE : read and write data : Getting value for Random.ActivePower_kW at 1/11/2017 4:33:42 PM +07:00
2017-01-11 09:40:55 : WRITE : read and write data : Getting value for Random.ActivePower_kW at 1/11/2017 4:33:45 PM +07:00
2017-01-11 09:40:58 : WRITE : read and write data : Getting value for Random.ActivePower_kW at 1/11/2017 4:33:48 PM +07:00
2017-01-11 09:41:01 : WRITE : read and write data : Getting value for Random.ActivePower_kW at 1/11/2017 4:33:51 PM +07:00
2017-01-11 09:41:04 : WRITE : read and write data : Getting value for Random.ActivePower_kW at 1/11/2017 4:33:54 PM +07:00
2017-01-11 09:41:07 : WRITE : read and write data : Getting value for Random.ActivePower_kW at 1/11/2017 4:33:57 PM +07:00
2017-01-11 09:41:10 : WRITE : read and write data : Getting value for Random.ActivePower_kW at 1/11/2017 4:34:00 PM +07:00
2017-01-11 09:41:13 : WRITE : read and write data : Getting value for Random.ActivePower_kW at 1/11/2017 4:34:03 PM +07:00
2017-01-11 09:41:16 : WRITE : read and write data : Getting value for Random.ActivePower_kW at 1/11/2017 4:34:06 PM +07:00
2017-01-11 09:41:19 : WRITE : read and write data : Getting value for Random.ActivePower_kW at 1/11/2017 4:34:09 PM +07:00
2017-01-11 09:41:22 : WRITE : read and write data : Getting value for Random.ActivePower_kW at 1/11/2017 4:34:12 PM +07:00
2017-01-11 09:41:25 : WRITE : read and write data : Getting value for Random.ActivePower_kW at 1/11/2017 4:34:15 PM +07:00
2017-01-11 09:41:29 : WRITE : read and write data : Getting value for Random.ActivePower_kW at 1/11/2017 4:34:18 PM +07:00
2017-01-11 09:41:32 : WRITE : read and write data : Getting value for Random.ActivePower_kW at 1/11/2017 4:34:21 PM +07:00
2017-01-11 09:41:35 : WRITE : read and write data : Getting value for Random.ActivePower_kW at 1/11/2017 4:34:24 PM +07:00
2017-01-11 09:41:38 : WRITE : read and write data : Getting value for Random.ActivePower_kW at 1/11/2017 4:34:27 PM +07:00
2017-01-11 09:41:41 : WRITE : read and write data : Getting value for Random.ActivePower_kW at 1/11/2017 4:34:31 PM +07:00
2017-01-11 09:41:44 : WRITE : read and write data : Getting value for Random.ActivePower_kW at 1/11/2017 4:34:34 PM +07:00
2017-01-11 09:41:47 : WRITE : read and write data : Getting value for Random.ActivePower_kW at 1/11/2017 4:34:37 PM +07:00
2017-01-11 09:41:50 : WRITE : read and write data : Getting value for Random.ActivePower_kW at 1/11/2017 4:34:40 PM +07:00
2017-01-11 09:41:53 : WRITE : read and write data : Getting value for Random.ActivePower_kW at 1/11/2017 4:34:43 PM +07:00
2017-01-11 09:41:56 : WRITE : read and write data : Getting value for Random.ActivePower_kW at 1/11/2017 4:34:46 PM +07:00
2017-01-11 09:41:59 : WRITE : read and write data : Getting value for Random.ActivePower_kW at 1/11/2017 4:34:49 PM +07:00
2017-01-11 09:42:02 : WRITE : read and write data : Getting value for Random.ActivePower_kW at 1/11/2017 4:34:52 PM +07:00
2017-01-11 09:42:05 : WRITE : read and write data : Getting value for Random.ActivePower_kW at 1/11/2017 4:34:55 PM +07:00
2017-01-11 09:42:08 : WRITE : read and write data : Getting value for Random.ActivePower_kW at 1/11/2017 4:34:58 PM +07:00
2017-01-11 09:42:11 : WRITE : read and write data : Getting value for Random.ActivePower_kW at 1/11/2017 4:35:01 PM +07:00
2017-01-11 09:42:14 : WRITE : read and write data : Getting value for Random.ActivePower_kW at 1/11/2017 4:35:04 PM +07:00
2017-01-11 09:42:17 : WRITE : read and write data : Getting value for Random.ActivePower_kW at 1/11/2017 4:35:07 PM +07:00
2017-01-11 09:42:20 : WRITE : read and write data : Getting value for Random.ActivePower_kW at 1/11/2017 4:42:20 PM +07:00
2017-01-11 09:42:23 : WRITE : read and write data : Getting value for Random.ActivePower_kW at 1/11/2017 4:42:23 PM +07:00
2017-01-11 09:42:26 : WRITE : read and write data : Getting value for Random.ActivePower_kW at 1/11/2017 4:42:26 PM +07:00
2017-01-11 09:42:29 : WRITE : read and write data : Getting value for Random.ActivePower_kW at 1/11/2017 4:42:29 PM +07:00
2017-01-11 09:42:32 : WRITE : read and write data : Getting value for Random.ActivePower_kW at 1/11/2017 4:42:32 PM +07:00
2017-01-11 09:42:35 : WRITE : read and write data : Getting value for Random.ActivePower_kW at 1/11/2017 4:42:35 PM +07:00
2017-01-11 09:42:38 : WRITE : read and write data : Getting value for Random.ActivePower_kW at 1/11/2017 4:42:38 PM +07:00
2017-01-11 09:42:41 : WRITE : read and write data : Getting value for Random.ActivePower_kW at 1/11/2017 4:42:41 PM +07:00
2017-01-11 09:42:44 : WRITE : read and write data : Getting value for Random.ActivePower_kW at 1/11/2017 4:42:44 PM +07:00
2017-01-11 09:42:47 : WRITE : read and write data : Getting value for Random.ActivePower_kW at 1/11/2017 4:42:47 PM +07:00
2017-01-11 09:42:51 : WRITE : read and write data : Getting value for Random.ActivePower_kW at 1/11/2017 4:42:50 PM +07:00
2017-01-11 09:42:54 : WRITE : read and write data : Getting value for Random.ActivePower_kW at 1/11/2017 4:42:53 PM +07:00
2017-01-11 09:42:57 : WRITE : read and write data : Getting value for Random.ActivePower_kW at 1/11/2017 4:42:56 PM +07:00
2017-01-11 09:43:00 : WRITE : read and write data : Getting value for Random.ActivePower_kW at 1/11/2017 4:42:59 PM +07:00
2017-01-11 09:43:03 : WRITE : read and write data : Getting value for Random.ActivePower_kW at 1/11/2017 4:43:02 PM +07:00
2017-01-11 09:43:06 : WRITE : read and write data : Getting value for Random.ActivePower_kW at 1/11/2017 4:43:05 PM +07:00
2017-01-11 09:43:09 : WRITE : read and write data : Getting value for Random.ActivePower_kW at 1/11/2017 4:43:08 PM +07:00
2017-01-11 09:43:12 : WRITE : read and write data : Getting value for Random.ActivePower_kW at 1/11/2017 4:43:11 PM +07:00
2017-01-11 09:43:15 : WRITE : read and write data : Getting value for Random.ActivePower_kW at 1/11/2017 4:43:14 PM +07:00
2017-01-11 09:43:18 : WRITE : read and write data : Getting value for Random.ActivePower_kW at 1/11/2017 4:43:18 PM +07:00
2017-01-11 09:43:21 : WRITE : read and write data : Getting value for Random.ActivePower_kW at 1/11/2017 4:43:21 PM +07:00
2017-01-11 09:43:24 : WRITE : read and write data : Getting value for Random.ActivePower_kW at 1/11/2017 4:43:24 PM +07:00
2017-01-11 09:43:27 : WRITE : read and write data : Getting value for Random.ActivePower_kW at 1/11/2017 4:43:27 PM +07:00
2017-01-11 09:43:30 : WRITE : read and write data : Getting value for Random.ActivePower_kW at 1/11/2017 4:43:30 PM +07:00
2017-01-11 09:43:33 : WRITE : read and write data : Getting value for Random.ActivePower_kW at 1/11/2017 4:43:33 PM +07:00
2017-01-11 09:43:36 : WRITE : read and write data : Getting value for Random.ActivePower_kW at 1/11/2017 4:43:36 PM +07:00
2017-01-11 09:43:39 : WRITE : read and write data : Getting value for Random.ActivePower_kW at 1/11/2017 4:43:39 PM +07:00
2017-01-11 09:43:42 : WRITE : read and write data : Getting value for Random.ActivePower_kW at 1/11/2017 4:43:42 PM +07:00
2017-01-11 09:43:45 : WRITE : read and write data : Getting value for Random.ActivePower_kW at 1/11/2017 4:43:45 PM +07:00
2017-01-11 09:43:48 : WRITE : read and write data : Getting value for Random.ActivePower_kW at 1/11/2017 4:43:48 PM +07:00
2017-01-11 09:43:51 : WRITE : read and write data : Getting value for Random.ActivePower_kW at 1/11/2017 4:43:51 PM +07:00
2017-01-11 09:43:54 : WRITE : read and write data : Getting value for Random.ActivePower_kW at 1/11/2017 4:43:54 PM +07:00
2017-01-11 09:43:57 : WRITE : read and write data : Getting value for Random.ActivePower_kW at 1/11/2017 4:43:57 PM +07:00
2017-01-11 09:44:00 : WRITE : read and write data : Getting value for Random.ActivePower_kW at 1/11/2017 4:44:00 PM +07:00
2017-01-11 09:44:03 : WRITE : read and write data : Getting value for Random.ActivePower_kW at 1/11/2017 4:44:03 PM +07:00
2017-01-11 09:44:06 : WRITE : read and write data : Getting value for Random.ActivePower_kW at 1/11/2017 4:44:06 PM +07:00
2017-01-11 09:44:09 : WRITE : read and write data : Getting value for Random.ActivePower_kW at 1/11/2017 4:44:09 PM +07:00
2017-01-11 09:44:12 : WRITE : read and write data : Getting value for Random.ActivePower_kW at 1/11/2017 4:44:12 PM +07:00
2017-01-11 09:44:15 : WRITE : read and write data : Getting value for Random.ActivePower_kW at 1/11/2017 4:44:15 PM +07:00
2017-01-11 09:44:19 : WRITE : read and write data : Getting value for Random.ActivePower_kW at 1/11/2017 4:44:18 PM +07:00
2017-01-11 09:44:22 : WRITE : read and write data : Getting value for Random.ActivePower_kW at 1/11/2017 4:44:21 PM +07:00
2017-01-11 09:44:25 : WRITE : read and write data : Getting value for Random.ActivePower_kW at 1/11/2017 4:44:25 PM +07:00
2017-01-11 09:44:28 : WRITE : read and write data : Getting value for Random.ActivePower_kW at 1/11/2017 4:44:28 PM +07:00
2017-01-11 09:44:31 : WRITE : read and write data : Getting value for Random.ActivePower_kW at 1/11/2017 4:44:31 PM +07:00
2017-01-11 09:44:34 : WRITE : read and write data : Getting value for Random.ActivePower_kW at 1/11/2017 4:44:34 PM +07:00
2017-01-11 09:44:37 : WRITE : read and write data : Getting value for Random.ActivePower_kW at 1/11/2017 4:44:37 PM +07:00
2017-01-11 09:44:40 : WRITE : read and write data : Getting value for Random.ActivePower_kW at 1/11/2017 4:44:39 PM +07:00
2017-01-11 09:44:43 : WRITE : read and write data : Getting value for Random.ActivePower_kW at 1/11/2017 4:44:42 PM +07:00
2017-01-11 09:44:46 : WRITE : read and write data : Getting value for Random.ActivePower_kW at 1/11/2017 4:44:45 PM +07:00
2017-01-11 09:44:49 : WRITE : read and write data : Getting value for Random.ActivePower_kW at 1/11/2017 4:44:48 PM +07:00
2017-01-11 09:44:52 : WRITE : read and write data : Getting value for Random.ActivePower_kW at 1/11/2017 4:44:51 PM +07:00
2017-01-11 09:44:55 : WRITE : read and write data : Getting value for Random.ActivePower_kW at 1/11/2017 4:44:54 PM +07:00
2017-01-11 09:44:58 : WRITE : read and write data : Getting value for Random.ActivePower_kW at 1/11/2017 4:44:57 PM +07:00
2017-01-11 09:45:01 : WRITE : read and write data : Getting value for Random.ActivePower_kW at 1/11/2017 4:45:00 PM +07:00
2017-01-11 09:45:04 : WRITE : read and write data : Getting value for Random.ActivePower_kW at 1/11/2017 4:45:03 PM +07:00
2017-01-11 09:45:07 : WRITE : read and write data : Getting value for Random.ActivePower_kW at 1/11/2017 4:45:06 PM +07:00
2017-01-11 09:45:10 : WRITE : read and write data : Getting value for Random.ActivePower_kW at 1/11/2017 4:45:09 PM +07:00
2017-01-11 09:45:13 : WRITE : read and write data : Getting value for Random.ActivePower_kW at 1/11/2017 4:45:12 PM +07:00
2017-01-11 09:45:16 : WRITE : read and write data : Getting value for Random.ActivePower_kW at 1/11/2017 4:45:15 PM +07:00
2017-01-11 09:45:19 : WRITE : read and write data : Getting value for Random.ActivePower_kW at 1/11/2017 4:45:18 PM +07:00
2017-01-11 09:45:22 : WRITE : read and write data : Getting value for Random.ActivePower_kW at 1/11/2017 4:45:21 PM +07:00
2017-01-11 09:45:25 : WRITE : read and write data : Getting value for Random.ActivePower_kW at 1/11/2017 4:45:24 PM +07:00
2017-01-11 09:45:28 : WRITE : read and write data : Getting value for Random.ActivePower_kW at 1/11/2017 4:45:28 PM +07:00
2017-01-11 09:45:31 : WRITE : read and write data : Getting value for Random.ActivePower_kW at 1/11/2017 4:45:31 PM +07:00
2017-01-11 09:45:34 : WRITE : read and write data : Getting value for Random.ActivePower_kW at 1/11/2017 4:45:34 PM +07:00
2017-01-11 09:45:37 : WRITE : read and write data : Getting value for Random.ActivePower_kW at 1/11/2017 4:45:37 PM +07:00
2017-01-11 09:45:40 : WRITE : read and write data : Getting value for Random.ActivePower_kW at 1/11/2017 4:45:40 PM +07:00
2017-01-11 09:45:43 : WRITE : read and write data : Getting value for Random.ActivePower_kW at 1/11/2017 4:45:43 PM +07:00
2017-01-11 09:45:46 : WRITE : read and write data : Getting value for Random.ActivePower_kW at 1/11/2017 4:45:46 PM +07:00
2017-01-11 09:45:50 : WRITE : read and write data : Getting value for Random.ActivePower_kW at 1/11/2017 4:45:49 PM +07:00
2017-01-11 09:45:53 : WRITE : read and write data : Getting value for Random.ActivePower_kW at 1/11/2017 4:45:52 PM +07:00
2017-01-11 09:45:56 : WRITE : read and write data : Getting value for Random.ActivePower_kW at 1/11/2017 4:38:45 PM +07:00
2017-01-11 09:45:59 : WRITE : read and write data : Getting value for Random.ActivePower_kW at 1/11/2017 4:38:48 PM +07:00
2017-01-11 09:46:02 : WRITE : read and write data : Getting value for Random.ActivePower_kW at 1/11/2017 4:38:52 PM +07:00
2017-01-11 09:46:05 : WRITE : read and write data : Getting value for Random.ActivePower_kW at 1/11/2017 4:38:55 PM +07:00
2017-01-11 09:46:08 : WRITE : read and write data : Getting value for Random.ActivePower_kW at 1/11/2017 4:38:58 PM +07:00
2017-01-11 09:46:11 : WRITE : read and write data : Getting value for Random.ActivePower_kW at 1/11/2017 4:39:01 PM +07:00
2017-01-11 09:46:14 : WRITE : read and write data : Getting value for Random.ActivePower_kW at 1/11/2017 4:39:04 PM +07:00
2017-01-11 09:46:17 : WRITE : read and write data : Getting value for Random.ActivePower_kW at 1/11/2017 4:39:07 PM +07:00
2017-01-11 09:46:20 : WRITE : read and write data : Getting value for Random.ActivePower_kW at 1/11/2017 4:39:10 PM +07:00
2017-01-11 09:46:23 : WRITE : read and write data : Getting value for Random.ActivePower_kW at 1/11/2017 4:39:13 PM +07:00
2017-01-11 09:46:26 : WRITE : read and write data : Getting value for Random.ActivePower_kW at 1/11/2017 4:39:16 PM +07:00
2017-01-11 09:46:29 : WRITE : read and write data : Getting value for Random.ActivePower_kW at 1/11/2017 4:39:19 PM +07:00
2017-01-11 09:46:32 : WRITE : read and write data : Getting value for Random.ActivePower_kW at 1/11/2017 4:39:22 PM +07:00
2017-01-11 09:46:35 : WRITE : read and write data : Getting value for Random.ActivePower_kW at 1/11/2017 4:39:25 PM +07:00
2017-01-11 09:46:38 : WRITE : read and write data : Getting value for Random.ActivePower_kW at 1/11/2017 4:39:28 PM +07:00
2017-01-11 09:46:41 : WRITE : read and write data : Getting value for Random.ActivePower_kW at 1/11/2017 4:39:31 PM +07:00
2017-01-11 09:46:44 : WRITE : read and write data : Getting value for Random.ActivePower_kW at 1/11/2017 4:39:34 PM +07:00
2017-01-11 09:46:47 : WRITE : read and write data : Getting value for Random.ActivePower_kW at 1/11/2017 4:39:37 PM +07:00
2017-01-11 09:46:50 : WRITE : read and write data : Getting value for Random.ActivePower_kW at 1/11/2017 4:39:40 PM +07:00
2017-01-11 09:46:53 : WRITE : read and write data : Getting value for Random.ActivePower_kW at 1/11/2017 4:39:43 PM +07:00
2017-01-11 09:46:56 : WRITE : read and write data : Getting value for Random.ActivePower_kW at 1/11/2017 4:39:46 PM +07:00
2017-01-11 09:46:59 : WRITE : read and write data : Getting value for Random.ActivePower_kW at 1/11/2017 4:39:49 PM +07:00
2017-01-11 09:47:02 : WRITE : read and write data : Getting value for Random.ActivePower_kW at 1/11/2017 4:39:52 PM +07:00
2017-01-11 09:47:05 : WRITE : read and write data : Getting value for Random.ActivePower_kW at 1/11/2017 4:39:56 PM +07:00
2017-01-11 09:47:08 : WRITE : read and write data : Getting value for Random.ActivePower_kW at 1/11/2017 4:39:59 PM +07:00
2017-01-11 09:47:11 : WRITE : read and write data : Getting value for Random.ActivePower_kW at 1/11/2017 4:40:02 PM +07:00
2017-01-11 09:47:14 : WRITE : read and write data : Getting value for Random.ActivePower_kW at 1/11/2017 4:40:05 PM +07:00
2017-01-11 09:47:17 : WRITE : read and write data : Getting value for Random.ActivePower_kW at 1/11/2017 4:40:08 PM +07:00
2017-01-11 09:47:20 : WRITE : read and write data : Getting value for Random.ActivePower_kW at 1/11/2017 4:40:11 PM +07:00
2017-01-11 09:47:23 : WRITE : read and write data : Getting value for Random.ActivePower_kW at 1/11/2017 4:40:14 PM +07:00
2017-01-11 09:47:26 : WRITE : read and write data : Getting value for Random.ActivePower_kW at 1/11/2017 4:40:17 PM +07:00
2017-01-11 09:47:29 : WRITE : read and write data : Getting value for Random.ActivePower_kW at 1/11/2017 4:40:20 PM +07:00
2017-01-11 09:47:33 : WRITE : read and write data : Getting value for Random.ActivePower_kW at 1/11/2017 4:40:23 PM +07:00
2017-01-11 09:47:36 : WRITE : read and write data : Getting value for Random.ActivePower_kW at 1/11/2017 4:40:26 PM +07:00
2017-01-11 09:47:39 : WRITE : read and write data : Getting value for Random.ActivePower_kW at 1/11/2017 4:40:29 PM +07:00
2017-01-11 09:47:42 : WRITE : read and write data : Getting value for Random.ActivePower_kW at 1/11/2017 4:40:31 PM +07:00
2017-01-11 09:47:45 : WRITE : read and write data : Getting value for Random.ActivePower_kW at 1/11/2017 4:40:34 PM +07:00
2017-01-11 09:47:48 : WRITE : read and write data : Getting value for Random.ActivePower_kW at 1/11/2017 4:40:37 PM +07:00
2017-01-11 09:47:51 : WRITE : read and write data : Getting value for Random.ActivePower_kW at 1/11/2017 4:40:40 PM +07:00
2017-01-11 09:47:54 : WRITE : read and write data : Getting value for Random.ActivePower_kW at 1/11/2017 4:40:43 PM +07:00
2017-01-11 09:47:57 : WRITE : read and write data : Getting value for Random.ActivePower_kW at 1/11/2017 4:40:46 PM +07:00
2017-01-11 09:48:00 : WRITE : read and write data : Getting value for Random.ActivePower_kW at 1/11/2017 4:40:49 PM +07:00
2017-01-11 09:48:03 : WRITE : read and write data : Getting value for Random.ActivePower_kW at 1/11/2017 4:40:52 PM +07:00
2017-01-11 09:48:06 : WRITE : read and write data : Getting value for Random.ActivePower_kW at 1/11/2017 4:40:55 PM +07:00
2017-01-11 09:48:09 : WRITE : read and write data : Getting value for Random.ActivePower_kW at 1/11/2017 4:40:59 PM +07:00
2017-01-11 09:48:12 : WRITE : read and write data : Getting value for Random.ActivePower_kW at 1/11/2017 4:41:02 PM +07:00
2017-01-11 09:48:15 : WRITE : read and write data : Getting value for Random.ActivePower_kW at 1/11/2017 4:41:05 PM +07:00
2017-01-11 09:48:18 : WRITE : read and write data : Getting value for Random.ActivePower_kW at 1/11/2017 4:41:08 PM +07:00
2017-01-11 09:48:21 : WRITE : read and write data : Getting value for Random.ActivePower_kW at 1/11/2017 4:41:11 PM +07:00
2017-01-11 09:48:24 : WRITE : read and write data : Getting value for Random.ActivePower_kW at 1/11/2017 4:41:14 PM +07:00
2017-01-11 09:48:27 : WRITE : read and write data : Getting value for Random.ActivePower_kW at 1/11/2017 4:41:17 PM +07:00
2017-01-11 09:48:30 : WRITE : read and write data : Getting value for Random.ActivePower_kW at 1/11/2017 4:41:20 PM +07:00
2017-01-11 09:48:33 : WRITE : read and write data : Getting value for Random.ActivePower_kW at 1/11/2017 4:41:23 PM +07:00
2017-01-11 09:48:36 : WRITE : read and write data : Getting value for Random.ActivePower_kW at 1/11/2017 4:41:26 PM +07:00
2017-01-11 09:48:39 : WRITE : read and write data : Getting value for Random.ActivePower_kW at 1/11/2017 4:41:29 PM +07:00
2017-01-11 09:48:42 : WRITE : read and write data : Getting value for Random.ActivePower_kW at 1/11/2017 4:41:32 PM +07:00
2017-01-11 09:48:45 : WRITE : read and write data : Getting value for Random.ActivePower_kW at 1/11/2017 4:41:35 PM +07:00
2017-01-11 09:48:48 : WRITE : read and write data : Getting value for Random.ActivePower_kW at 1/11/2017 4:41:38 PM +07:00
2017-01-11 09:48:51 : WRITE : read and write data : Getting value for Random.ActivePower_kW at 1/11/2017 4:41:41 PM +07:00
2017-01-11 09:48:54 : WRITE : read and write data : Getting value for Random.ActivePower_kW at 1/11/2017 4:41:44 PM +07:00
2017-01-11 09:48:57 : WRITE : read and write data : Getting value for Random.ActivePower_kW at 1/11/2017 4:41:47 PM +07:00
2017-01-11 09:49:00 : WRITE : read and write data : Getting value for Random.ActivePower_kW at 1/11/2017 4:41:50 PM +07:00
2017-01-11 09:49:03 : WRITE : read and write data : Getting value for Random.ActivePower_kW at 1/11/2017 4:41:53 PM +07:00
2017-01-11 09:49:06 : WRITE : read and write data : Getting value for Random.ActivePower_kW at 1/11/2017 4:41:56 PM +07:00
2017-01-11 09:49:09 : WRITE : read and write data : Getting value for Random.ActivePower_kW at 1/11/2017 4:41:59 PM +07:00
2017-01-11 09:49:12 : WRITE : read and write data : Getting value for Random.ActivePower_kW at 1/11/2017 4:42:03 PM +07:00
2017-01-11 09:49:15 : WRITE : read and write data : Getting value for Random.ActivePower_kW at 1/11/2017 4:42:06 PM +07:00
2017-01-11 09:49:19 : WRITE : read and write data : Getting value for Random.ActivePower_kW at 1/11/2017 4:42:09 PM +07:00
2017-01-11 09:49:22 : WRITE : read and write data : Getting value for Random.ActivePower_kW at 1/11/2017 4:42:12 PM +07:00
2017-01-11 09:49:25 : WRITE : read and write data : Getting value for Random.ActivePower_kW at 1/11/2017 4:42:15 PM +07:00
2017-01-11 09:49:28 : WRITE : read and write data : Getting value for Random.ActivePower_kW at 1/11/2017 4:42:18 PM +07:00
2017-01-11 09:49:31 : WRITE : read and write data : Getting value for Random.ActivePower_kW at 1/11/2017 4:49:30 PM +07:00
2017-01-11 09:49:34 : WRITE : read and write data : Getting value for Random.ActivePower_kW at 1/11/2017 4:49:33 PM +07:00
2017-01-11 09:49:37 : WRITE : read and write data : Getting value for Random.ActivePower_kW at 1/11/2017 4:49:36 PM +07:00
2017-01-11 09:49:40 : WRITE : read and write data : Getting value for Random.ActivePower_kW at 1/11/2017 4:49:39 PM +07:00
2017-01-11 09:49:43 : WRITE : read and write data : Getting value for Random.ActivePower_kW at 1/11/2017 4:49:42 PM +07:00
2017-01-11 09:49:46 : WRITE : read and write data : Getting value for Random.ActivePower_kW at 1/11/2017 4:49:46 PM +07:00
2017-01-11 09:49:49 : WRITE : read and write data : Getting value for Random.ActivePower_kW at 1/11/2017 4:49:49 PM +07:00
2017-01-11 09:49:52 : WRITE : read and write data : Getting value for Random.ActivePower_kW at 1/11/2017 4:49:52 PM +07:00
2017-01-11 09:49:55 : WRITE : read and write data : Getting value for Random.ActivePower_kW at 1/11/2017 4:49:55 PM +07:00
2017-01-11 09:49:58 : WRITE : read and write data : Getting value for Random.ActivePower_kW at 1/11/2017 4:49:58 PM +07:00
2017-01-11 09:50:01 : WRITE : read and write data : Getting value for Random.ActivePower_kW at 1/11/2017 4:50:01 PM +07:00
2017-01-11 09:50:04 : WRITE : read and write data : Getting value for Random.ActivePower_kW at 1/11/2017 4:50:04 PM +07:00
2017-01-11 09:50:07 : WRITE : read and write data : Getting value for Random.ActivePower_kW at 1/11/2017 4:50:07 PM +07:00
2017-01-11 09:50:10 : WRITE : read and write data : Getting value for Random.ActivePower_kW at 1/11/2017 4:50:10 PM +07:00
2017-01-11 09:50:13 : WRITE : read and write data : Getting value for Random.ActivePower_kW at 1/11/2017 4:50:13 PM +07:00
2017-01-11 09:50:16 : WRITE : read and write data : Getting value for Random.ActivePower_kW at 1/11/2017 4:50:16 PM +07:00
2017-01-11 09:50:19 : WRITE : read and write data : Getting value for Random.ActivePower_kW at 1/11/2017 4:50:19 PM +07:00
2017-01-11 09:50:22 : WRITE : read and write data : Getting value for Random.ActivePower_kW at 1/11/2017 4:50:22 PM +07:00
2017-01-11 09:50:25 : WRITE : read and write data : Getting value for Random.ActivePower_kW at 1/11/2017 4:50:24 PM +07:00
2017-01-11 09:50:28 : WRITE : read and write data : Getting value for Random.ActivePower_kW at 1/11/2017 4:50:27 PM +07:00
2017-01-11 09:50:31 : WRITE : read and write data : Getting value for Random.ActivePower_kW at 1/11/2017 4:50:30 PM +07:00
2017-01-11 09:50:34 : WRITE : read and write data : Getting value for Random.ActivePower_kW at 1/11/2017 4:50:33 PM +07:00
2017-01-11 09:50:37 : WRITE : read and write data : Getting value for Random.ActivePower_kW at 1/11/2017 4:50:36 PM +07:00
2017-01-11 09:50:40 : WRITE : read and write data : Getting value for Random.ActivePower_kW at 1/11/2017 4:50:39 PM +07:00
2017-01-11 09:50:43 : WRITE : read and write data : Getting value for Random.ActivePower_kW at 1/11/2017 4:50:42 PM +07:00
2017-01-11 09:50:46 : WRITE : read and write data : Getting value for Random.ActivePower_kW at 1/11/2017 4:50:46 PM +07:00
2017-01-11 09:50:49 : WRITE : read and write data : Getting value for Random.ActivePower_kW at 1/11/2017 4:50:49 PM +07:00
2017-01-11 09:50:50 : STOP : stoping service : Stopping services
